Using pre-set license
Built from '2021.3/staging' branch; Version is '2021.3.23f1 (213b516bf396) revision 2177873'; Using compiler version '192829333'; Build Type 'Release'
OS: 'Windows 10  (10.0.19044) 64bit Professional' Language: 'en' Physical Memory: 8136 MB
BatchMode: 1, IsHumanControllingUs: 0, StartBugReporterOnCrash: 0, Is64bit: 1, IsPro: 1

COMMAND LINE ARGUMENTS:
D:\Apps\Unity 2021.3.23f1\2021.3.23f1\Editor\Unity.exe
-adb2
-batchMode
-noUpm
-name
AssetImportWorker2
-projectPath
D:/Project Unity 2023/Bicycle Triad IoT
-logFile
Logs/AssetImportWorker2.log
-srvPort
50969
Successfully changed project path to: D:/Project Unity 2023/Bicycle Triad IoT
D:/Project Unity 2023/Bicycle Triad IoT
[UnityMemory] Configuration Parameters - Can be set up in boot.config
    "memorysetup-bucket-allocator-granularity=16"
    "memorysetup-bucket-allocator-bucket-count=8"
    "memorysetup-bucket-allocator-block-size=33554432"
    "memorysetup-bucket-allocator-block-count=8"
    "memorysetup-main-allocator-block-size=16777216"
    "memorysetup-thread-allocator-block-size=16777216"
    "memorysetup-gfx-main-allocator-block-size=16777216"
    "memorysetup-gfx-thread-allocator-block-size=16777216"
    "memorysetup-cache-allocator-block-size=4194304"
    "memorysetup-typetree-allocator-block-size=2097152"
    "memorysetup-profiler-bucket-allocator-granularity=16"
    "memorysetup-profiler-bucket-allocator-bucket-count=8"
    "memorysetup-profiler-bucket-allocator-block-size=33554432"
    "memorysetup-profiler-bucket-allocator-block-count=8"
    "memorysetup-profiler-allocator-block-size=16777216"
    "memorysetup-profiler-editor-allocator-block-size=1048576"
    "memorysetup-temp-allocator-size-main=16777216"
    "memorysetup-job-temp-allocator-block-size=2097152"
    "memorysetup-job-temp-allocator-block-size-background=1048576"
    "memorysetup-job-temp-allocator-reduction-small-platforms=262144"
    "memorysetup-temp-allocator-size-background-worker=32768"
    "memorysetup-temp-allocator-size-job-worker=262144"
    "memorysetup-temp-allocator-size-preload-manager=33554432"
    "memorysetup-temp-allocator-size-nav-mesh-worker=65536"
    "memorysetup-temp-allocator-size-audio-worker=65536"
    "memorysetup-temp-allocator-size-cloud-worker=32768"
    "memorysetup-temp-allocator-size-gi-baking-worker=262144"
    "memorysetup-temp-allocator-size-gfx=262144"
Player connection [2472] Host "[IP] 192.168.7.187 [Port] 0 [Flags] 2 [Guid] 4173435554 [EditorId] 4173435554 [Version] 1048832 [Id] WindowsEditor(7,DESKTOP-IE3316E) [Debug] 1 [PackageName] WindowsEditor [ProjectName] Editor" joined multi-casting on [225.0.0.222:54997]...

Player connection [2472] Host "[IP] 192.168.7.187 [Port] 0 [Flags] 2 [Guid] 4173435554 [EditorId] 4173435554 [Version] 1048832 [Id] WindowsEditor(7,DESKTOP-IE3316E) [Debug] 1 [PackageName] WindowsEditor [ProjectName] Editor" joined alternative multi-casting on [225.0.0.222:34997]...

Refreshing native plugins compatible for Editor in 127.88 ms, found 3 plugins.
Preloading 0 native plugins for Editor in 0.00 ms.
Initialize engine version: 2021.3.23f1 (213b516bf396)
[Subsystems] Discovering subsystems at path D:/Apps/Unity 2021.3.23f1/2021.3.23f1/Editor/Data/Resources/UnitySubsystems
[Subsystems] Discovering subsystems at path D:/Project Unity 2023/Bicycle Triad IoT/Assets
GfxDevice: creating device client; threaded=0; jobified=0
Direct3D:
    Version:  Direct3D 11.0 [level 11.1]
    Renderer: NVIDIA GeForce GTX 1050 Ti (ID=0x1c82)
    Vendor:   NVIDIA
    VRAM:     4017 MB
    Driver:   31.0.15.4633
Initialize mono
Mono path[0] = 'D:/Apps/Unity 2021.3.23f1/2021.3.23f1/Editor/Data/Managed'
Mono path[1] = 'D:/Apps/Unity 2021.3.23f1/2021.3.23f1/Editor/Data/MonoBleedingEdge/lib/mono/unityjit-win32'
Mono config path = 'D:/Apps/Unity 2021.3.23f1/2021.3.23f1/Editor/Data/MonoBleedingEdge/etc'
Using monoOptions --debugger-agent=transport=dt_socket,embedding=1,server=y,suspend=n,address=127.0.0.1:56628
Begin MonoManager ReloadAssembly
Registering precompiled unity dll's ...
Register platform support module: D:/Apps/Unity 2021.3.23f1/2021.3.23f1/Editor/Data/PlaybackEngines/WebGLSupport/UnityEditor.WebGL.Extensions.dll
Register platform support module: D:/Apps/Unity 2021.3.23f1/2021.3.23f1/Editor/Data/PlaybackEngines/WindowsStandaloneSupport/UnityEditor.WindowsStandalone.Extensions.dll
Registered in 0.005694 seconds.
Native extension for WindowsStandalone target not found
Native extension for WebGL target not found
Refreshing native plugins compatible for Editor in 125.57 ms, found 3 plugins.
Preloading 0 native plugins for Editor in 0.00 ms.
Mono: successfully reloaded assembly
- Completed reload, in  1.037 seconds
Domain Reload Profiling:
	ReloadAssembly (1038ms)
		BeginReloadAssembly (182ms)
			ExecutionOrderSort (0ms)
			DisableScriptedObjects (0ms)
			BackupInstance (0ms)
			ReleaseScriptingObjects (0ms)
			CreateAndSetChildDomain (1ms)
		EndReloadAssembly (710ms)
			LoadAssemblies (182ms)
			RebuildTransferFunctionScriptingTraits (0ms)
			SetupTypeCache (178ms)
			ReleaseScriptCaches (0ms)
			RebuildScriptCaches (46ms)
			SetupLoadedEditorAssemblies (410ms)
				LogAssemblyErrors (0ms)
				InitializePlatformSupportModulesInManaged (13ms)
				SetLoadedEditorAssemblies (0ms)
				RefreshPlugins (126ms)
				BeforeProcessingInitializeOnLoad (2ms)
				ProcessInitializeOnLoadAttributes (199ms)
				ProcessInitializeOnLoadMethodAttributes (70ms)
				AfterProcessingInitializeOnLoad (0ms)
				EditorAssembliesLoaded (1ms)
			ExecutionOrderSort2 (0ms)
			AwakeInstancesAfterBackupRestoration (0ms)
Platform modules already initialized, skipping
Registering precompiled user dll's ...
Registered in 0.009385 seconds.
Begin MonoManager ReloadAssembly
Symbol file LoadedFromMemory doesn't match image D:\Project Unity 2023\Bicycle Triad IoT\Library\PackageCache\com.unity.visualscripting@1.8.0\Editor\VisualScripting.Core\Dependencies\YamlDotNet\Unity.VisualScripting.YamlDotNet.dll
Symbol file LoadedFromMemory doesn't match image D:\Project Unity 2023\Bicycle Triad IoT\Library\PackageCache\com.unity.visualscripting@1.8.0\Editor\VisualScripting.Core\Dependencies\DotNetZip\Unity.VisualScripting.IonicZip.dll
Native extension for WindowsStandalone target not found
Native extension for WebGL target not found
Refreshing native plugins compatible for Editor in 0.79 ms, found 3 plugins.
Preloading 0 native plugins for Editor in 0.00 ms.
Mono: successfully reloaded assembly
- Completed reload, in  2.617 seconds
Domain Reload Profiling:
	ReloadAssembly (2618ms)
		BeginReloadAssembly (242ms)
			ExecutionOrderSort (0ms)
			DisableScriptedObjects (10ms)
			BackupInstance (0ms)
			ReleaseScriptingObjects (0ms)
			CreateAndSetChildDomain (27ms)
		EndReloadAssembly (2191ms)
			LoadAssemblies (1100ms)
			RebuildTransferFunctionScriptingTraits (0ms)
			SetupTypeCache (434ms)
			ReleaseScriptCaches (1ms)
			RebuildScriptCaches (93ms)
			SetupLoadedEditorAssemblies (580ms)
				LogAssemblyErrors (0ms)
				InitializePlatformSupportModulesInManaged (11ms)
				SetLoadedEditorAssemblies (1ms)
				RefreshPlugins (1ms)
				BeforeProcessingInitializeOnLoad (127ms)
				ProcessInitializeOnLoadAttributes (406ms)
				ProcessInitializeOnLoadMethodAttributes (29ms)
				AfterProcessingInitializeOnLoad (5ms)
				EditorAssembliesLoaded (0ms)
			ExecutionOrderSort2 (0ms)
			AwakeInstancesAfterBackupRestoration (9ms)
Platform modules already initialized, skipping
========================================================================
Worker process is ready to serve import requests
Launched and connected shader compiler UnityShaderCompiler.exe after 0.59 seconds
Refreshing native plugins compatible for Editor in 0.63 ms, found 3 plugins.
Preloading 0 native plugins for Editor in 0.00 ms.
Unloading 3050 Unused Serialized files (Serialized files now loaded: 0)
Unloading 24 unused Assets / (113.7 KB). Loaded Objects now: 3525.
Memory consumption went from 119.7 MB to 119.6 MB.
Total: 4.570100 ms (FindLiveObjects: 0.306500 ms CreateObjectMapping: 0.131600 ms MarkObjects: 3.966600 ms  DeleteObjects: 0.163800 ms)

AssetImportParameters requested are different than current active one (requested -> active):
  custom:video-decoder-ogg-theora: a1e56fd34408186e4bbccfd4996cb3dc -> 
  custom:container-muxer-webm: aa71ff27fc2769a1b78a27578f13a17b -> 
  custom:container-demuxer-webm: 4f35f7cbe854078d1ac9338744f61a02 -> 
  custom:video-encoder-webm-vp8: eb34c28f22e8b96e1ab97ce403110664 -> 
  custom:audio-encoder-webm-vorbis: bf7c407c2cedff20999df2af8eb42d56 -> 
  custom:framework-win-MediaFoundation: 216162199b28c13a410421893ffa2e32 -> 
  custom:container-demuxer-ogg: 62fdf1f143b41e24485cea50d1cbac27 -> 
  custom:video-decoder-webm-vp8: 9c59270c3fd7afecdb556c50c9e8de78 -> 
  custom:audio-decoder-ogg-vorbis: bf7c407c2cedff20999df2af8eb42d56 -> 
========================================================================
Received Import Request.
  Time since last request: 1763.914260 seconds.
  path: Assets/17099_Wheelchair_v1.obj
  artifactKey: Guid(cf5b1547232adb743be2841015e27b27) Importer(815301076,1909f56bfc062723c751e8b465ee728b)
Start importing Assets/17099_Wheelchair_v1.obj using Guid(cf5b1547232adb743be2841015e27b27) Importer(815301076,1909f56bfc062723c751e8b465ee728b)  -> (artifact id: 'c93d15de0d9e582940ec3c60ce57b088') in 2.368791 seconds 
========================================================================
Received Prepare
Registering precompiled user dll's ...
Registered in 0.009816 seconds.
Begin MonoManager ReloadAssembly
Symbol file LoadedFromMemory doesn't match image D:\Project Unity 2023\Bicycle Triad IoT\Library\PackageCache\com.unity.visualscripting@1.8.0\Editor\VisualScripting.Core\Dependencies\YamlDotNet\Unity.VisualScripting.YamlDotNet.dll
Symbol file LoadedFromMemory doesn't match image D:\Project Unity 2023\Bicycle Triad IoT\Library\PackageCache\com.unity.visualscripting@1.8.0\Editor\VisualScripting.Core\Dependencies\DotNetZip\Unity.VisualScripting.IonicZip.dll
Native extension for WindowsStandalone target not found
Native extension for WebGL target not found
Refreshing native plugins compatible for Editor in 0.71 ms, found 3 plugins.
Preloading 0 native plugins for Editor in 0.00 ms.
Mono: successfully reloaded assembly
- Completed reload, in  2.104 seconds
Domain Reload Profiling:
	ReloadAssembly (2105ms)
		BeginReloadAssembly (307ms)
			ExecutionOrderSort (0ms)
			DisableScriptedObjects (7ms)
			BackupInstance (0ms)
			ReleaseScriptingObjects (0ms)
			CreateAndSetChildDomain (47ms)
		EndReloadAssembly (1553ms)
			LoadAssemblies (282ms)
			RebuildTransferFunctionScriptingTraits (0ms)
			SetupTypeCache (509ms)
			ReleaseScriptCaches (1ms)
			RebuildScriptCaches (79ms)
			SetupLoadedEditorAssemblies (550ms)
				LogAssemblyErrors (0ms)
				InitializePlatformSupportModulesInManaged (11ms)
				SetLoadedEditorAssemblies (1ms)
				RefreshPlugins (1ms)
				BeforeProcessingInitializeOnLoad (104ms)
				ProcessInitializeOnLoadAttributes (390ms)
				ProcessInitializeOnLoadMethodAttributes (36ms)
				AfterProcessingInitializeOnLoad (7ms)
				EditorAssembliesLoaded (0ms)
			ExecutionOrderSort2 (0ms)
			AwakeInstancesAfterBackupRestoration (12ms)
Platform modules already initialized, skipping
Refreshing native plugins compatible for Editor in 2.91 ms, found 3 plugins.
Preloading 0 native plugins for Editor in 0.00 ms.
Unloading 3045 Unused Serialized files (Serialized files now loaded: 0)
Unloading 17 unused Assets / (80.2 KB). Loaded Objects now: 3572.
Memory consumption went from 124.1 MB to 124.0 MB.
Total: 3.921100 ms (FindLiveObjects: 0.268400 ms CreateObjectMapping: 0.114300 ms MarkObjects: 3.424300 ms  DeleteObjects: 0.112600 ms)

AssetImportParameters requested are different than current active one (requested -> active):
  custom:video-decoder-ogg-theora: a1e56fd34408186e4bbccfd4996cb3dc -> 
  custom:container-muxer-webm: aa71ff27fc2769a1b78a27578f13a17b -> 
  custom:container-demuxer-webm: 4f35f7cbe854078d1ac9338744f61a02 -> 
  custom:video-encoder-webm-vp8: eb34c28f22e8b96e1ab97ce403110664 -> 
  custom:audio-encoder-webm-vorbis: bf7c407c2cedff20999df2af8eb42d56 -> 
  custom:framework-win-MediaFoundation: 216162199b28c13a410421893ffa2e32 -> 
  custom:container-demuxer-ogg: 62fdf1f143b41e24485cea50d1cbac27 -> 
  custom:video-decoder-webm-vp8: 9c59270c3fd7afecdb556c50c9e8de78 -> 
  custom:audio-decoder-ogg-vorbis: bf7c407c2cedff20999df2af8eb42d56 -> 
========================================================================
Received Prepare
Registering precompiled user dll's ...
Registered in 0.009759 seconds.
Begin MonoManager ReloadAssembly
Symbol file LoadedFromMemory doesn't match image D:\Project Unity 2023\Bicycle Triad IoT\Library\PackageCache\com.unity.visualscripting@1.8.0\Editor\VisualScripting.Core\Dependencies\YamlDotNet\Unity.VisualScripting.YamlDotNet.dll
Symbol file LoadedFromMemory doesn't match image D:\Project Unity 2023\Bicycle Triad IoT\Library\PackageCache\com.unity.visualscripting@1.8.0\Editor\VisualScripting.Core\Dependencies\DotNetZip\Unity.VisualScripting.IonicZip.dll
Native extension for WindowsStandalone target not found
Native extension for WebGL target not found
Refreshing native plugins compatible for Editor in 0.76 ms, found 3 plugins.
Preloading 0 native plugins for Editor in 0.00 ms.
Mono: successfully reloaded assembly
- Completed reload, in  1.783 seconds
Domain Reload Profiling:
	ReloadAssembly (1784ms)
		BeginReloadAssembly (276ms)
			ExecutionOrderSort (0ms)
			DisableScriptedObjects (10ms)
			BackupInstance (0ms)
			ReleaseScriptingObjects (0ms)
			CreateAndSetChildDomain (43ms)
		EndReloadAssembly (1337ms)
			LoadAssemblies (225ms)
			RebuildTransferFunctionScriptingTraits (0ms)
			SetupTypeCache (498ms)
			ReleaseScriptCaches (1ms)
			RebuildScriptCaches (74ms)
			SetupLoadedEditorAssemblies (531ms)
				LogAssemblyErrors (0ms)
				InitializePlatformSupportModulesInManaged (12ms)
				SetLoadedEditorAssemblies (1ms)
				RefreshPlugins (1ms)
				BeforeProcessingInitializeOnLoad (109ms)
				ProcessInitializeOnLoadAttributes (366ms)
				ProcessInitializeOnLoadMethodAttributes (36ms)
				AfterProcessingInitializeOnLoad (6ms)
				EditorAssembliesLoaded (0ms)
			ExecutionOrderSort2 (0ms)
			AwakeInstancesAfterBackupRestoration (11ms)
Platform modules already initialized, skipping
Refreshing native plugins compatible for Editor in 3.29 ms, found 3 plugins.
Preloading 0 native plugins for Editor in 0.00 ms.
Unloading 3045 Unused Serialized files (Serialized files now loaded: 0)
Unloading 17 unused Assets / (80.2 KB). Loaded Objects now: 3575.
Memory consumption went from 124.1 MB to 124.1 MB.
Total: 3.996000 ms (FindLiveObjects: 0.304800 ms CreateObjectMapping: 0.125300 ms MarkObjects: 3.449200 ms  DeleteObjects: 0.115000 ms)

AssetImportParameters requested are different than current active one (requested -> active):
  custom:video-decoder-ogg-theora: a1e56fd34408186e4bbccfd4996cb3dc -> 
  custom:container-muxer-webm: aa71ff27fc2769a1b78a27578f13a17b -> 
  custom:container-demuxer-webm: 4f35f7cbe854078d1ac9338744f61a02 -> 
  custom:video-encoder-webm-vp8: eb34c28f22e8b96e1ab97ce403110664 -> 
  custom:audio-encoder-webm-vorbis: bf7c407c2cedff20999df2af8eb42d56 -> 
  custom:framework-win-MediaFoundation: 216162199b28c13a410421893ffa2e32 -> 
  custom:container-demuxer-ogg: 62fdf1f143b41e24485cea50d1cbac27 -> 
  custom:video-decoder-webm-vp8: 9c59270c3fd7afecdb556c50c9e8de78 -> 
  custom:audio-decoder-ogg-vorbis: bf7c407c2cedff20999df2af8eb42d56 -> 
========================================================================
Received Import Request.
  Time since last request: 1494.424547 seconds.
  path: Assets/Blue.mat
  artifactKey: Guid(82e58f68aa54e6848a7cff289dfd07b2) Importer(815301076,1909f56bfc062723c751e8b465ee728b)
Start importing Assets/Blue.mat using Guid(82e58f68aa54e6848a7cff289dfd07b2) Importer(815301076,1909f56bfc062723c751e8b465ee728b)  -> (artifact id: '9555dd6b0bdb2ff2cdb5efc806b8bb89') in 0.474318 seconds 
========================================================================
Received Import Request.
  Time since last request: 43.441713 seconds.
  path: Assets/Blue.mat
  artifactKey: Guid(82e58f68aa54e6848a7cff289dfd07b2) Importer(815301076,1909f56bfc062723c751e8b465ee728b)
Start importing Assets/Blue.mat using Guid(82e58f68aa54e6848a7cff289dfd07b2) Importer(815301076,1909f56bfc062723c751e8b465ee728b)  -> (artifact id: 'f286aea7d1c1d0199df810e9f9ec1d6b') in 0.035836 seconds 
========================================================================
Received Import Request.
  Time since last request: 27.621782 seconds.
  path: Assets/mountain-race-track
  artifactKey: Guid(a4b45ba6096bb154793a6b083d3f5b89) Importer(815301076,1909f56bfc062723c751e8b465ee728b)
Start importing Assets/mountain-race-track using Guid(a4b45ba6096bb154793a6b083d3f5b89) Importer(815301076,1909f56bfc062723c751e8b465ee728b)  -> (artifact id: 'ee0ca267d8615fe9f38b9d4031e00573') in 0.027982 seconds 
========================================================================
Received Import Request.
  Time since last request: 12.099486 seconds.
  path: Assets/_TerrainAutoUpgrade
  artifactKey: Guid(7b38a0a744b053046819b10b5df88c78) Importer(815301076,1909f56bfc062723c751e8b465ee728b)
Start importing Assets/_TerrainAutoUpgrade using Guid(7b38a0a744b053046819b10b5df88c78) Importer(815301076,1909f56bfc062723c751e8b465ee728b)  -> (artifact id: '940d15949e235253b96893f983f1ba5e') in 0.026673 seconds 
========================================================================
Received Import Request.
  Time since last request: 0.035590 seconds.
  path: Assets/_TerrainAutoUpgrade/layer_mountain-topmountain-top-n36da0cd0b447d77b.terrainlayer
  artifactKey: Guid(aeca3d7823332b04385906a352a87dcc) Importer(815301076,1909f56bfc062723c751e8b465ee728b)
Start importing Assets/_TerrainAutoUpgrade/layer_mountain-topmountain-top-n36da0cd0b447d77b.terrainlayer using Guid(aeca3d7823332b04385906a352a87dcc) Importer(815301076,1909f56bfc062723c751e8b465ee728b)  -> (artifact id: 'e855376ac2641f580cbd4a8091c7150c') in 0.087087 seconds 
========================================================================
Received Import Request.
  Time since last request: 0.015581 seconds.
  path: Assets/_TerrainAutoUpgrade/layer_MudRockyAlbedoSpecular3d1cca0d6d0e9938.terrainlayer
  artifactKey: Guid(1d1fd297ed3fcf34185b5490228dd874) Importer(815301076,1909f56bfc062723c751e8b465ee728b)
Start importing Assets/_TerrainAutoUpgrade/layer_MudRockyAlbedoSpecular3d1cca0d6d0e9938.terrainlayer using Guid(1d1fd297ed3fcf34185b5490228dd874) Importer(815301076,1909f56bfc062723c751e8b465ee728b)  -> (artifact id: '4722f87fd9440e71d3fb75c726d245c0') in 0.080804 seconds 
========================================================================
Received Import Request.
  Time since last request: 0.000032 seconds.
  path: Assets/_TerrainAutoUpgrade/layer_mountain-wallmountain-wall-n1c69f1f99b940b52.terrainlayer
  artifactKey: Guid(d5591bb2da7f61045b7ccc883837281f) Importer(815301076,1909f56bfc062723c751e8b465ee728b)
Start importing Assets/_TerrainAutoUpgrade/layer_mountain-wallmountain-wall-n1c69f1f99b940b52.terrainlayer using Guid(d5591bb2da7f61045b7ccc883837281f) Importer(815301076,1909f56bfc062723c751e8b465ee728b)  -> (artifact id: 'b0da8ddf664b03c4c350984f91bc5f20') in 0.050309 seconds 
========================================================================
Received Import Request.
  Time since last request: 0.000041 seconds.
  path: Assets/_TerrainAutoUpgrade/layer_snow-wallsnow-wall-n39d8cda541d37e3c.terrainlayer
  artifactKey: Guid(d3bb606be2818484f8d297fdf4dcfe34) Importer(815301076,1909f56bfc062723c751e8b465ee728b)
Start importing Assets/_TerrainAutoUpgrade/layer_snow-wallsnow-wall-n39d8cda541d37e3c.terrainlayer using Guid(d3bb606be2818484f8d297fdf4dcfe34) Importer(815301076,1909f56bfc062723c751e8b465ee728b)  -> (artifact id: '280e7edd3f8e18716ad3d33fc8515771') in 0.024134 seconds 
========================================================================
Received Import Request.
  Time since last request: 28.647667 seconds.
  path: Assets/mountain-race-track/Models
  artifactKey: Guid(476df5b24769e55419b110c26f6bf10e) Importer(815301076,1909f56bfc062723c751e8b465ee728b)
Start importing Assets/mountain-race-track/Models using Guid(476df5b24769e55419b110c26f6bf10e) Importer(815301076,1909f56bfc062723c751e8b465ee728b)  -> (artifact id: '352f706f26da8bffba93a67852c8e366') in 0.171092 seconds 
========================================================================
Received Import Request.
  Time since last request: 0.000033 seconds.
  path: Assets/mountain-race-track/Models/nia New Terrain.asset
  artifactKey: Guid(21485d751512e49469efa153b74920ed) Importer(815301076,1909f56bfc062723c751e8b465ee728b)
Start importing Assets/mountain-race-track/Models/nia New Terrain.asset using Guid(21485d751512e49469efa153b74920ed) Importer(815301076,1909f56bfc062723c751e8b465ee728b)  -> (artifact id: '296f674180df70ffceab55a424927467') in 1.050202 seconds 
========================================================================
Received Import Request.
  Time since last request: 0.450393 seconds.
  path: Assets/mountain-race-track/Models/mountain-race-track.FBX
  artifactKey: Guid(5b28cfe79ba1485488934c086342faf8) Importer(815301076,1909f56bfc062723c751e8b465ee728b)
Start importing Assets/mountain-race-track/Models/mountain-race-track.FBX using Guid(5b28cfe79ba1485488934c086342faf8) Importer(815301076,1909f56bfc062723c751e8b465ee728b)  -> (artifact id: '5a247ed131eebd52d00fb2ff0766fd70') in 0.553949 seconds 
========================================================================
Received Import Request.
  Time since last request: 0.000048 seconds.
  path: Assets/mountain-race-track/Models/rocks-mountain-1.FBX
  artifactKey: Guid(9c29525e79bd5f942b5e6f8a54a3e695) Importer(815301076,1909f56bfc062723c751e8b465ee728b)
Start importing Assets/mountain-race-track/Models/rocks-mountain-1.FBX using Guid(9c29525e79bd5f942b5e6f8a54a3e695) Importer(815301076,1909f56bfc062723c751e8b465ee728b)  -> (artifact id: '59eccb6c890881fefacdde19c664b163') in 0.045753 seconds 
========================================================================
Received Import Request.
  Time since last request: 0.000049 seconds.
  path: Assets/mountain-race-track/Models/rocks-mountain-2.FBX
  artifactKey: Guid(bd759135218df874a91b2cd22f25976a) Importer(815301076,1909f56bfc062723c751e8b465ee728b)
Start importing Assets/mountain-race-track/Models/rocks-mountain-2.FBX using Guid(bd759135218df874a91b2cd22f25976a) Importer(815301076,1909f56bfc062723c751e8b465ee728b)  -> (artifact id: 'bbe357cb74de9ecaf2ce92bb5685215c') in 0.067636 seconds 
========================================================================
Received Import Request.
  Time since last request: 0.000025 seconds.
  path: Assets/mountain-race-track/Models/road-signs.FBX
  artifactKey: Guid(57799303b4acfe041b03261e4869df9a) Importer(815301076,1909f56bfc062723c751e8b465ee728b)
Start importing Assets/mountain-race-track/Models/road-signs.FBX using Guid(57799303b4acfe041b03261e4869df9a) Importer(815301076,1909f56bfc062723c751e8b465ee728b)  -> (artifact id: '1822767c4051509a05e29f988b38c726') in 1.123724 seconds 
========================================================================
Received Import Request.
  Time since last request: 0.000029 seconds.
  path: Assets/mountain-race-track/Models/electrical-towers.FBX
  artifactKey: Guid(d18d564b98d08d34b9597a6c2515c192) Importer(815301076,1909f56bfc062723c751e8b465ee728b)
Start importing Assets/mountain-race-track/Models/electrical-towers.FBX using Guid(d18d564b98d08d34b9597a6c2515c192) Importer(815301076,1909f56bfc062723c751e8b465ee728b)  -> (artifact id: 'd1340f000e1b64333e185cf9cab00e8d') in 0.073082 seconds 
========================================================================
Received Import Request.
  Time since last request: 0.000046 seconds.
  path: Assets/mountain-race-track/Models/lightpole.FBX
  artifactKey: Guid(1c3d3ef2b91750e4bbe0c3fd819b9253) Importer(815301076,1909f56bfc062723c751e8b465ee728b)
Start importing Assets/mountain-race-track/Models/lightpole.FBX using Guid(1c3d3ef2b91750e4bbe0c3fd819b9253) Importer(815301076,1909f56bfc062723c751e8b465ee728b)  -> (artifact id: '7f5ba937c0d3b3fdcd773e99b950f638') in 0.043308 seconds 
========================================================================
Received Import Request.
  Time since last request: 2.292640 seconds.
  path: Assets/mountain-race-track/Standard Assets
  artifactKey: Guid(60c5e4e4ef7cb084faf5e0bf6907a4f0) Importer(815301076,1909f56bfc062723c751e8b465ee728b)
Start importing Assets/mountain-race-track/Standard Assets using Guid(60c5e4e4ef7cb084faf5e0bf6907a4f0) Importer(815301076,1909f56bfc062723c751e8b465ee728b)  -> (artifact id: '1b3cf6ea1901674b668da5a374426820') in 0.011335 seconds 
========================================================================
Received Import Request.
  Time since last request: 0.870773 seconds.
  path: Assets/mountain-race-track/Standard Assets/ParticleSystems
  artifactKey: Guid(d7ea5a218770df14895b81e3602e420f) Importer(815301076,1909f56bfc062723c751e8b465ee728b)
Start importing Assets/mountain-race-track/Standard Assets/ParticleSystems using Guid(d7ea5a218770df14895b81e3602e420f) Importer(815301076,1909f56bfc062723c751e8b465ee728b)  -> (artifact id: '70520aa77b72ba76de7d6b15ebdb3d6a') in 0.014973 seconds 
========================================================================
Received Import Request.
  Time since last request: 0.751344 seconds.
  path: Assets/mountain-race-track/Standard Assets/Environment
  artifactKey: Guid(6ca8c4e270f964e0da9f731d7d34b123) Importer(815301076,1909f56bfc062723c751e8b465ee728b)
Start importing Assets/mountain-race-track/Standard Assets/Environment using Guid(6ca8c4e270f964e0da9f731d7d34b123) Importer(815301076,1909f56bfc062723c751e8b465ee728b)  -> (artifact id: '0fde35b0efb6bc9344c90e2d2d0a9ff3') in 0.011764 seconds 
========================================================================
Received Import Request.
  Time since last request: 0.694802 seconds.
  path: Assets/mountain-race-track/Standard Assets/Environment/SpeedTree
  artifactKey: Guid(c04a867c41990cb44b46672730a8e63f) Importer(815301076,1909f56bfc062723c751e8b465ee728b)
Start importing Assets/mountain-race-track/Standard Assets/Environment/SpeedTree using Guid(c04a867c41990cb44b46672730a8e63f) Importer(815301076,1909f56bfc062723c751e8b465ee728b)  -> (artifact id: '4af7f055ba04e317c42198678b758733') in 0.027663 seconds 
========================================================================
Received Import Request.
  Time since last request: 0.591267 seconds.
  path: Assets/mountain-race-track/Standard Assets/Environment/SpeedTree/Conifer
  artifactKey: Guid(73ab447d8034be44f8321c730cc6247a) Importer(815301076,1909f56bfc062723c751e8b465ee728b)
Start importing Assets/mountain-race-track/Standard Assets/Environment/SpeedTree/Conifer using Guid(73ab447d8034be44f8321c730cc6247a) Importer(815301076,1909f56bfc062723c751e8b465ee728b)  -> (artifact id: '33a2b2f67f6561c70a6567f1d8f4bced') in 0.021630 seconds 
========================================================================
Received Import Request.
  Time since last request: 0.429339 seconds.
  path: Assets/mountain-race-track/Standard Assets/Environment/SpeedTree/Conifer/Conifer_Desktop.spm
  artifactKey: Guid(469edab27ab6d004d84af2c4a851bd7f) Importer(815301076,1909f56bfc062723c751e8b465ee728b)
Start importing Assets/mountain-race-track/Standard Assets/Environment/SpeedTree/Conifer/Conifer_Desktop.spm using Guid(469edab27ab6d004d84af2c4a851bd7f) Importer(815301076,1909f56bfc062723c751e8b465ee728b)  -> (artifact id: '9fdd722df9f3c8a0268443a9f1e85489') in 2.102247 seconds 
========================================================================
Received Import Request.
  Time since last request: 0.000026 seconds.
  path: Assets/mountain-race-track/Standard Assets/Environment/SpeedTree/Conifer/ConiferBark_Normal.tga
  artifactKey: Guid(2b46b029d8dc37049aebb484e79998ff) Importer(815301076,1909f56bfc062723c751e8b465ee728b)
Start importing Assets/mountain-race-track/Standard Assets/Environment/SpeedTree/Conifer/ConiferBark_Normal.tga using Guid(2b46b029d8dc37049aebb484e79998ff) Importer(815301076,1909f56bfc062723c751e8b465ee728b)  -> (artifact id: 'c038814b7e91beef39a62bf002897cc2') in 0.035207 seconds 
========================================================================
Received Import Request.
  Time since last request: 0.000038 seconds.
  path: Assets/mountain-race-track/Standard Assets/Environment/SpeedTree/Conifer/Conifer_Desktop_Atlas.tga
  artifactKey: Guid(ea9799c461d3f6e4eb0be2264829282d) Importer(815301076,1909f56bfc062723c751e8b465ee728b)
Start importing Assets/mountain-race-track/Standard Assets/Environment/SpeedTree/Conifer/Conifer_Desktop_Atlas.tga using Guid(ea9799c461d3f6e4eb0be2264829282d) Importer(815301076,1909f56bfc062723c751e8b465ee728b)  -> (artifact id: '321ded6ea159c690102b3d227b5214b0') in 0.020431 seconds 
========================================================================
Received Import Request.
  Time since last request: 0.000020 seconds.
  path: Assets/mountain-race-track/Standard Assets/Environment/SpeedTree/Conifer/ConiferBark.tga
  artifactKey: Guid(9654cfdd87d7daf429b8931c28d7a93c) Importer(815301076,1909f56bfc062723c751e8b465ee728b)
Start importing Assets/mountain-race-track/Standard Assets/Environment/SpeedTree/Conifer/ConiferBark.tga using Guid(9654cfdd87d7daf429b8931c28d7a93c) Importer(815301076,1909f56bfc062723c751e8b465ee728b)  -> (artifact id: 'ddb66c20811ae0cc3ce0e41439aa3d29') in 0.028400 seconds 
========================================================================
Received Import Request.
  Time since last request: 0.000021 seconds.
  path: Assets/mountain-race-track/Standard Assets/Environment/SpeedTree/Conifer/Conifer_Desktop_Atlas_Billboards.tga
  artifactKey: Guid(612b65e0cd1576e4bbba0516d756a99d) Importer(815301076,1909f56bfc062723c751e8b465ee728b)
Start importing Assets/mountain-race-track/Standard Assets/Environment/SpeedTree/Conifer/Conifer_Desktop_Atlas_Billboards.tga using Guid(612b65e0cd1576e4bbba0516d756a99d) Importer(815301076,1909f56bfc062723c751e8b465ee728b)  -> (artifact id: '9d7c64ece8b416212bb824541adecb2d') in 0.022359 seconds 
========================================================================
Received Import Request.
  Time since last request: 0.000021 seconds.
  path: Assets/mountain-race-track/Standard Assets/Environment/SpeedTree/Conifer/Conifer_Desktop Materials/LOD0/Branches_0.mat
  artifactKey: Guid(d4880c932a8e12b48a3039233e9634a0) Importer(815301076,1909f56bfc062723c751e8b465ee728b)
Start importing Assets/mountain-race-track/Standard Assets/Environment/SpeedTree/Conifer/Conifer_Desktop Materials/LOD0/Branches_0.mat using Guid(d4880c932a8e12b48a3039233e9634a0) Importer(815301076,1909f56bfc062723c751e8b465ee728b)  -> (artifact id: 'd5db893c1918c44bd7ef919ea52209aa') in 0.021816 seconds 
========================================================================
Received Import Request.
  Time since last request: 0.000026 seconds.
  path: Assets/mountain-race-track/Standard Assets/Environment/SpeedTree/Conifer/Thumb_Conifer_Desktop.jpg
  artifactKey: Guid(1fbc4e410d66d804aaf31b4c25b16ffc) Importer(815301076,1909f56bfc062723c751e8b465ee728b)
Start importing Assets/mountain-race-track/Standard Assets/Environment/SpeedTree/Conifer/Thumb_Conifer_Desktop.jpg using Guid(1fbc4e410d66d804aaf31b4c25b16ffc) Importer(815301076,1909f56bfc062723c751e8b465ee728b)  -> (artifact id: '171f822a280f92712e3e07c67b1eda36') in 0.281606 seconds 
========================================================================
Received Import Request.
  Time since last request: 0.000031 seconds.
  path: Assets/mountain-race-track/Standard Assets/Environment/SpeedTree/Conifer/Conifer_Desktop Materials/Billboard.mat
  artifactKey: Guid(e625f56663597ef4899f86b588b4d506) Importer(815301076,1909f56bfc062723c751e8b465ee728b)
Start importing Assets/mountain-race-track/Standard Assets/Environment/SpeedTree/Conifer/Conifer_Desktop Materials/Billboard.mat using Guid(e625f56663597ef4899f86b588b4d506) Importer(815301076,1909f56bfc062723c751e8b465ee728b)  -> (artifact id: '679289bede50515689d419150fc45c1d') in 0.031658 seconds 
========================================================================
Received Import Request.
  Time since last request: 0.000034 seconds.
  path: Assets/mountain-race-track/Standard Assets/Environment/SpeedTree/Conifer/Conifer_Desktop Materials/LOD0/Fronds_2.mat
  artifactKey: Guid(0aa00c0212e047047aa5a1ce93b07f49) Importer(815301076,1909f56bfc062723c751e8b465ee728b)
Start importing Assets/mountain-race-track/Standard Assets/Environment/SpeedTree/Conifer/Conifer_Desktop Materials/LOD0/Fronds_2.mat using Guid(0aa00c0212e047047aa5a1ce93b07f49) Importer(815301076,1909f56bfc062723c751e8b465ee728b)  -> (artifact id: '491fa2142fb7895aa1188311153d7850') in 0.036587 seconds 
========================================================================
Received Import Request.
  Time since last request: 0.000026 seconds.
  path: Assets/mountain-race-track/Standard Assets/Environment/SpeedTree/Conifer/Conifer_Desktop Materials/LOD0/Leaves_3.mat
  artifactKey: Guid(2bcb00d145ec17e4cad096cedfd84138) Importer(815301076,1909f56bfc062723c751e8b465ee728b)
Start importing Assets/mountain-race-track/Standard Assets/Environment/SpeedTree/Conifer/Conifer_Desktop Materials/LOD0/Leaves_3.mat using Guid(2bcb00d145ec17e4cad096cedfd84138) Importer(815301076,1909f56bfc062723c751e8b465ee728b)  -> (artifact id: '8784609cc4853d1f11c4fd26ff9def41') in 0.024347 seconds 
========================================================================
Received Import Request.
  Time since last request: 0.000027 seconds.
  path: Assets/mountain-race-track/Standard Assets/Environment/SpeedTree/Conifer/Conifer_Desktop_Atlas_Normal.tga
  artifactKey: Guid(855926cb3532dc14c87b1e6d589334b2) Importer(815301076,1909f56bfc062723c751e8b465ee728b)
Start importing Assets/mountain-race-track/Standard Assets/Environment/SpeedTree/Conifer/Conifer_Desktop_Atlas_Normal.tga using Guid(855926cb3532dc14c87b1e6d589334b2) Importer(815301076,1909f56bfc062723c751e8b465ee728b)  -> (artifact id: 'f50c5b292d6383c50691a6b052136938') in 0.020702 seconds 
========================================================================
Received Import Request.
  Time since last request: 0.000037 seconds.
  path: Assets/mountain-race-track/Standard Assets/Environment/SpeedTree/Conifer/Conifer_Desktop Materials
  artifactKey: Guid(9b594b98c8a44404c9e8fd99515d0bed) Importer(815301076,1909f56bfc062723c751e8b465ee728b)
Start importing Assets/mountain-race-track/Standard Assets/Environment/SpeedTree/Conifer/Conifer_Desktop Materials using Guid(9b594b98c8a44404c9e8fd99515d0bed) Importer(815301076,1909f56bfc062723c751e8b465ee728b)  -> (artifact id: '69fe5b435e416a189218dc8786e0c037') in 0.014532 seconds 
========================================================================
Received Import Request.
  Time since last request: 0.000028 seconds.
  path: Assets/mountain-race-track/Standard Assets/Environment/SpeedTree/Conifer/Conifer_Desktop Materials/LOD0
  artifactKey: Guid(6e5212316bdb05c498d74aa4eedcca7b) Importer(815301076,1909f56bfc062723c751e8b465ee728b)
Start importing Assets/mountain-race-track/Standard Assets/Environment/SpeedTree/Conifer/Conifer_Desktop Materials/LOD0 using Guid(6e5212316bdb05c498d74aa4eedcca7b) Importer(815301076,1909f56bfc062723c751e8b465ee728b)  -> (artifact id: '5fe78b4dc9df9c1e6a8afdbee431d929') in 0.010403 seconds 
========================================================================
Received Import Request.
  Time since last request: 0.000028 seconds.
  path: Assets/mountain-race-track/Standard Assets/Environment/SpeedTree/Conifer/Conifer_Needles_Dekstop_Spec.tga
  artifactKey: Guid(897461e3c2fa9d84d8bd48bf1b00a950) Importer(815301076,1909f56bfc062723c751e8b465ee728b)
Start importing Assets/mountain-race-track/Standard Assets/Environment/SpeedTree/Conifer/Conifer_Needles_Dekstop_Spec.tga using Guid(897461e3c2fa9d84d8bd48bf1b00a950) Importer(815301076,1909f56bfc062723c751e8b465ee728b)  -> (artifact id: '96caa67fa7b4277e3b027f3577c87f3e') in 0.042859 seconds 
========================================================================
Received Import Request.
  Time since last request: 0.000029 seconds.
  path: Assets/mountain-race-track/Standard Assets/Environment/SpeedTree/Conifer/Conifer_Needles_Desktop_Normal.tga
  artifactKey: Guid(ab89d7e9dbd9462458ecef029ee60f6e) Importer(815301076,1909f56bfc062723c751e8b465ee728b)
Start importing Assets/mountain-race-track/Standard Assets/Environment/SpeedTree/Conifer/Conifer_Needles_Desktop_Normal.tga using Guid(ab89d7e9dbd9462458ecef029ee60f6e) Importer(815301076,1909f56bfc062723c751e8b465ee728b)  -> (artifact id: '21c4041f938b1d72de3aaddc5464568b') in 0.015492 seconds 
========================================================================
Received Import Request.
  Time since last request: 0.000041 seconds.
  path: Assets/mountain-race-track/Standard Assets/Environment/SpeedTree/Conifer/Conifer_Desktop_Atlas_Specular.tga
  artifactKey: Guid(41232aac50fb25a40b390906295f9aa6) Importer(815301076,1909f56bfc062723c751e8b465ee728b)
Start importing Assets/mountain-race-track/Standard Assets/Environment/SpeedTree/Conifer/Conifer_Desktop_Atlas_Specular.tga using Guid(41232aac50fb25a40b390906295f9aa6) Importer(815301076,1909f56bfc062723c751e8b465ee728b)  -> (artifact id: '56bc0b341eb700805428df6ae474bf56') in 0.016790 seconds 
========================================================================
Received Import Request.
  Time since last request: 0.000021 seconds.
  path: Assets/mountain-race-track/Standard Assets/Environment/SpeedTree/Conifer/Conifer_Desktop_Atlas_Billboards_Normal.tga
  artifactKey: Guid(6c2afc8a038f69f4aa35c25dcd94fd55) Importer(815301076,1909f56bfc062723c751e8b465ee728b)
Start importing Assets/mountain-race-track/Standard Assets/Environment/SpeedTree/Conifer/Conifer_Desktop_Atlas_Billboards_Normal.tga using Guid(6c2afc8a038f69f4aa35c25dcd94fd55) Importer(815301076,1909f56bfc062723c751e8b465ee728b)  -> (artifact id: '6e676f1ec2c2f9a58679b1992749adda') in 0.017184 seconds 
========================================================================
Received Import Request.
  Time since last request: 0.000039 seconds.
  path: Assets/mountain-race-track/Standard Assets/Environment/SpeedTree/Conifer/Conifer_Needles_Desktop.tga
  artifactKey: Guid(34d2758af9e0a2b4690fbcfcad0285d6) Importer(815301076,1909f56bfc062723c751e8b465ee728b)
Start importing Assets/mountain-race-track/Standard Assets/Environment/SpeedTree/Conifer/Conifer_Needles_Desktop.tga using Guid(34d2758af9e0a2b4690fbcfcad0285d6) Importer(815301076,1909f56bfc062723c751e8b465ee728b)  -> (artifact id: '15e4190b5d7926e4e56403173f6bd77c') in 0.019443 seconds 
========================================================================
Received Import Request.
  Time since last request: 0.000031 seconds.
  path: Assets/mountain-race-track/Standard Assets/Environment/SpeedTree/Conifer/Conifer_Desktop Materials/LOD0/Branches_1.mat
  artifactKey: Guid(fdb77c3917027234db7a7792019eda2e) Importer(815301076,1909f56bfc062723c751e8b465ee728b)
Start importing Assets/mountain-race-track/Standard Assets/Environment/SpeedTree/Conifer/Conifer_Desktop Materials/LOD0/Branches_1.mat using Guid(fdb77c3917027234db7a7792019eda2e) Importer(815301076,1909f56bfc062723c751e8b465ee728b)  -> (artifact id: '22a2179debcd5315db6e65118ccf1f87') in 0.023252 seconds 
========================================================================
Received Import Request.
  Time since last request: 0.754270 seconds.
  path: Assets/mountain-race-track/Textures
  artifactKey: Guid(ca961e63f98f0f4499ed87326c69883a) Importer(815301076,1909f56bfc062723c751e8b465ee728b)
Start importing Assets/mountain-race-track/Textures using Guid(ca961e63f98f0f4499ed87326c69883a) Importer(815301076,1909f56bfc062723c751e8b465ee728b)  -> (artifact id: 'a087a20c5dca7109397d979d2c0ca38f') in 0.012656 seconds 
========================================================================
Received Import Request.
  Time since last request: 0.069967 seconds.
  path: Assets/mountain-race-track/Textures/asphalt-n.png
  artifactKey: Guid(e959a1d3421a24b4cae7d78257293c95) Importer(815301076,1909f56bfc062723c751e8b465ee728b)
Start importing Assets/mountain-race-track/Textures/asphalt-n.png using Guid(e959a1d3421a24b4cae7d78257293c95) Importer(815301076,1909f56bfc062723c751e8b465ee728b)  -> (artifact id: 'c4195f731991de834b67e106dc98faf8') in 0.024378 seconds 
========================================================================
Received Import Request.
  Time since last request: 0.000023 seconds.
  path: Assets/mountain-race-track/Textures/spot.png
  artifactKey: Guid(2be0ef2833225ca4eae40da74db6963c) Importer(815301076,1909f56bfc062723c751e8b465ee728b)
Start importing Assets/mountain-race-track/Textures/spot.png using Guid(2be0ef2833225ca4eae40da74db6963c) Importer(815301076,1909f56bfc062723c751e8b465ee728b)  -> (artifact id: '37f5dcede6d4fffab210c4ad61d7e6be') in 0.069421 seconds 
========================================================================
Received Import Request.
  Time since last request: 0.000025 seconds.
  path: Assets/mountain-race-track/Textures/concrete-floor-clear-n.png
  artifactKey: Guid(99ff0ebe0480ecd4e88fc0202f69a48e) Importer(815301076,1909f56bfc062723c751e8b465ee728b)
Start importing Assets/mountain-race-track/Textures/concrete-floor-clear-n.png using Guid(99ff0ebe0480ecd4e88fc0202f69a48e) Importer(815301076,1909f56bfc062723c751e8b465ee728b)  -> (artifact id: '83c1da86734b10e95440d0d0bf139a25') in 0.020126 seconds 
========================================================================
Received Import Request.
  Time since last request: 0.000034 seconds.
  path: Assets/mountain-race-track/Textures/stripes.png
  artifactKey: Guid(b8673979af5940b4999531b58c502e19) Importer(815301076,1909f56bfc062723c751e8b465ee728b)
Start importing Assets/mountain-race-track/Textures/stripes.png using Guid(b8673979af5940b4999531b58c502e19) Importer(815301076,1909f56bfc062723c751e8b465ee728b)  -> (artifact id: '9f1c73edaa26f0ce716067d251d095d9') in 0.034182 seconds 
========================================================================
Received Import Request.
  Time since last request: 0.000021 seconds.
  path: Assets/mountain-race-track/Textures/concrete-floor.png
  artifactKey: Guid(cba613854bc056d449283438e6aac194) Importer(815301076,1909f56bfc062723c751e8b465ee728b)
Start importing Assets/mountain-race-track/Textures/concrete-floor.png using Guid(cba613854bc056d449283438e6aac194) Importer(815301076,1909f56bfc062723c751e8b465ee728b)  -> (artifact id: 'a946ef8326dee2455e7965f7eb541e1a') in 0.020337 seconds 
========================================================================
Received Import Request.
  Time since last request: 0.000021 seconds.
  path: Assets/mountain-race-track/Textures/mountain-wall-n.png
  artifactKey: Guid(de72bb4c96ca3844ab5844dcd0f93a33) Importer(815301076,1909f56bfc062723c751e8b465ee728b)
Start importing Assets/mountain-race-track/Textures/mountain-wall-n.png using Guid(de72bb4c96ca3844ab5844dcd0f93a33) Importer(815301076,1909f56bfc062723c751e8b465ee728b)  -> (artifact id: 'bd5f9ac9f71b62425ba773db4a6fd22d') in 0.034972 seconds 
========================================================================
Received Import Request.
  Time since last request: 0.000027 seconds.
  path: Assets/mountain-race-track/Textures/skybox_night_low_down.png
  artifactKey: Guid(5666410b232006c41973c0345cdf037e) Importer(815301076,1909f56bfc062723c751e8b465ee728b)
Start importing Assets/mountain-race-track/Textures/skybox_night_low_down.png using Guid(5666410b232006c41973c0345cdf037e) Importer(815301076,1909f56bfc062723c751e8b465ee728b)  -> (artifact id: '818407d05b0a6cf96af2660821aa168a') in 0.021216 seconds 
========================================================================
Received Import Request.
  Time since last request: 0.000024 seconds.
  path: Assets/mountain-race-track/Textures/asphalt_lights.png
  artifactKey: Guid(9a0bea0f0c651eb4c821c7c9c2d8cc7d) Importer(815301076,1909f56bfc062723c751e8b465ee728b)
Start importing Assets/mountain-race-track/Textures/asphalt_lights.png using Guid(9a0bea0f0c651eb4c821c7c9c2d8cc7d) Importer(815301076,1909f56bfc062723c751e8b465ee728b)  -> (artifact id: 'c76cfd980b180a770d7dcb60f144b35c') in 0.019040 seconds 
========================================================================
Received Import Request.
  Time since last request: 0.000028 seconds.
  path: Assets/mountain-race-track/Textures/skybox_night_low_up.png
  artifactKey: Guid(dd4054ae9d794a840bdd111837090574) Importer(815301076,1909f56bfc062723c751e8b465ee728b)
Start importing Assets/mountain-race-track/Textures/skybox_night_low_up.png using Guid(dd4054ae9d794a840bdd111837090574) Importer(815301076,1909f56bfc062723c751e8b465ee728b)  -> (artifact id: '1dd580466fa4588b06c1b51f0de5851c') in 0.030627 seconds 
========================================================================
Received Import Request.
  Time since last request: 0.000029 seconds.
  path: Assets/mountain-race-track/Textures/concrete-floor-clear.png
  artifactKey: Guid(1c1d7a8c4e7260b4a84f34276c7d792e) Importer(815301076,1909f56bfc062723c751e8b465ee728b)
Start importing Assets/mountain-race-track/Textures/concrete-floor-clear.png using Guid(1c1d7a8c4e7260b4a84f34276c7d792e) Importer(815301076,1909f56bfc062723c751e8b465ee728b)  -> (artifact id: '9258041c1e00cb6d263832c8a4beac23') in 0.034630 seconds 
========================================================================
Received Import Request.
  Time since last request: 0.000040 seconds.
  path: Assets/mountain-race-track/Textures/skybox_night_low_back.png
  artifactKey: Guid(78cee002db3228c42a9de3f4662a1283) Importer(815301076,1909f56bfc062723c751e8b465ee728b)
Start importing Assets/mountain-race-track/Textures/skybox_night_low_back.png using Guid(78cee002db3228c42a9de3f4662a1283) Importer(815301076,1909f56bfc062723c751e8b465ee728b)  -> (artifact id: 'd7635db8345df843bf9b126682c43783') in 0.029155 seconds 
========================================================================
Received Import Request.
  Time since last request: 0.000026 seconds.
  path: Assets/mountain-race-track/Textures/mountain-top.png
  artifactKey: Guid(1b42416ce6daabf44abb9f9b788907e2) Importer(815301076,1909f56bfc062723c751e8b465ee728b)
Start importing Assets/mountain-race-track/Textures/mountain-top.png using Guid(1b42416ce6daabf44abb9f9b788907e2) Importer(815301076,1909f56bfc062723c751e8b465ee728b)  -> (artifact id: '1fbe2fd7290590b87947442d68402457') in 0.033917 seconds 
========================================================================
Received Import Request.
  Time since last request: 0.000026 seconds.
  path: Assets/mountain-race-track/Textures/skybox_night_low_left.png
  artifactKey: Guid(9a765dff41dba6f4396b190eba943ccd) Importer(815301076,1909f56bfc062723c751e8b465ee728b)
Start importing Assets/mountain-race-track/Textures/skybox_night_low_left.png using Guid(9a765dff41dba6f4396b190eba943ccd) Importer(815301076,1909f56bfc062723c751e8b465ee728b)  -> (artifact id: '8029f659663e1ad3c65c29f1feafd7d3') in 0.031733 seconds 
========================================================================
Received Import Request.
  Time since last request: 0.000024 seconds.
  path: Assets/mountain-race-track/Textures/snow-road.png
  artifactKey: Guid(e6a436e1580131042ae9b2b14efcc784) Importer(815301076,1909f56bfc062723c751e8b465ee728b)
Start importing Assets/mountain-race-track/Textures/snow-road.png using Guid(e6a436e1580131042ae9b2b14efcc784) Importer(815301076,1909f56bfc062723c751e8b465ee728b)  -> (artifact id: 'a4203747501d9a80da2d996fb97222e5') in 0.021193 seconds 
========================================================================
Received Import Request.
  Time since last request: 0.000025 seconds.
  path: Assets/mountain-race-track/Textures/lights_road.png
  artifactKey: Guid(bcccfb9679016a04a9bcec10a2d88fb8) Importer(815301076,1909f56bfc062723c751e8b465ee728b)
Start importing Assets/mountain-race-track/Textures/lights_road.png using Guid(bcccfb9679016a04a9bcec10a2d88fb8) Importer(815301076,1909f56bfc062723c751e8b465ee728b)  -> (artifact id: '4e3a019db96bd40167c1ce8cdee61f17') in 0.019909 seconds 
========================================================================
Received Import Request.
  Time since last request: 0.000021 seconds.
  path: Assets/mountain-race-track/Textures/mountain-top-n.png
  artifactKey: Guid(9c3f986bcffd3324e837f730c2a0e6ad) Importer(815301076,1909f56bfc062723c751e8b465ee728b)
Start importing Assets/mountain-race-track/Textures/mountain-top-n.png using Guid(9c3f986bcffd3324e837f730c2a0e6ad) Importer(815301076,1909f56bfc062723c751e8b465ee728b)  -> (artifact id: '83052f7f93c214894a583c5e47dc29e8') in 0.046201 seconds 
========================================================================
Received Import Request.
  Time since last request: 0.000025 seconds.
  path: Assets/mountain-race-track/Textures/snow-wall.png
  artifactKey: Guid(cbfa5e07dd2173a47867eb5c12953459) Importer(815301076,1909f56bfc062723c751e8b465ee728b)
Start importing Assets/mountain-race-track/Textures/snow-wall.png using Guid(cbfa5e07dd2173a47867eb5c12953459) Importer(815301076,1909f56bfc062723c751e8b465ee728b)  -> (artifact id: 'efad52bed3c6bc0ca05b23dd2c13b1f0') in 0.052322 seconds 
========================================================================
Received Import Request.
  Time since last request: 0.000037 seconds.
  path: Assets/mountain-race-track/Textures/skybox_night_low_front.png
  artifactKey: Guid(b08e43fdb8de5534f87e212a155402a2) Importer(815301076,1909f56bfc062723c751e8b465ee728b)
Start importing Assets/mountain-race-track/Textures/skybox_night_low_front.png using Guid(b08e43fdb8de5534f87e212a155402a2) Importer(815301076,1909f56bfc062723c751e8b465ee728b)  -> (artifact id: '7d2e0e35c03f580f04551c9969c02efa') in 0.080386 seconds 
========================================================================
Received Import Request.
  Time since last request: 0.000034 seconds.
  path: Assets/mountain-race-track/Textures/skybox_night_low_right.png
  artifactKey: Guid(c6bc2d5d73852aa4ebcd059b4c98a9b0) Importer(815301076,1909f56bfc062723c751e8b465ee728b)
Start importing Assets/mountain-race-track/Textures/skybox_night_low_right.png using Guid(c6bc2d5d73852aa4ebcd059b4c98a9b0) Importer(815301076,1909f56bfc062723c751e8b465ee728b)  -> (artifact id: 'd840a747907d10a1a6b20ac6dcb6a3b2') in 0.029025 seconds 
========================================================================
Received Import Request.
  Time since last request: 0.000024 seconds.
  path: Assets/mountain-race-track/Textures/snow-road-n.png
  artifactKey: Guid(118f693de8b23dc4dbc006d3244b53c3) Importer(815301076,1909f56bfc062723c751e8b465ee728b)
Start importing Assets/mountain-race-track/Textures/snow-road-n.png using Guid(118f693de8b23dc4dbc006d3244b53c3) Importer(815301076,1909f56bfc062723c751e8b465ee728b)  -> (artifact id: '8f6771977ab225519375b515c92c5ced') in 0.019815 seconds 
========================================================================
Received Import Request.
  Time since last request: 0.000022 seconds.
  path: Assets/mountain-race-track/Textures/asphalt.png
  artifactKey: Guid(f7979df2bafb34e4183e489fa54e356c) Importer(815301076,1909f56bfc062723c751e8b465ee728b)
Start importing Assets/mountain-race-track/Textures/asphalt.png using Guid(f7979df2bafb34e4183e489fa54e356c) Importer(815301076,1909f56bfc062723c751e8b465ee728b)  -> (artifact id: 'f1038241b92ffea58ce7cfc824571660') in 0.031143 seconds 
========================================================================
Received Import Request.
  Time since last request: 0.000021 seconds.
  path: Assets/mountain-race-track/Textures/concrete-floor-n.png
  artifactKey: Guid(9791b7330ac10ab4292cb083a2ffa84e) Importer(815301076,1909f56bfc062723c751e8b465ee728b)
Start importing Assets/mountain-race-track/Textures/concrete-floor-n.png using Guid(9791b7330ac10ab4292cb083a2ffa84e) Importer(815301076,1909f56bfc062723c751e8b465ee728b)  -> (artifact id: '259474538a17ae5daec43b6b98a7934b') in 0.239789 seconds 
========================================================================
Received Import Request.
  Time since last request: 0.000024 seconds.
  path: Assets/mountain-race-track/Textures/mountain-wall.png
  artifactKey: Guid(cca251a99f7cef24bbe5fee7475cbcbb) Importer(815301076,1909f56bfc062723c751e8b465ee728b)
Start importing Assets/mountain-race-track/Textures/mountain-wall.png using Guid(cca251a99f7cef24bbe5fee7475cbcbb) Importer(815301076,1909f56bfc062723c751e8b465ee728b)  -> (artifact id: '598566b79d57c155af2a1c776b0296ce') in 0.024574 seconds 
========================================================================
Received Import Request.
  Time since last request: 0.000034 seconds.
  path: Assets/mountain-race-track/Textures/snow-wall-n.png
  artifactKey: Guid(35acc51697d7ba64a9a472f20586363b) Importer(815301076,1909f56bfc062723c751e8b465ee728b)
Start importing Assets/mountain-race-track/Textures/snow-wall-n.png using Guid(35acc51697d7ba64a9a472f20586363b) Importer(815301076,1909f56bfc062723c751e8b465ee728b)  -> (artifact id: '0e21129cae5e23ff0f1f255d355b8c1e') in 0.023359 seconds 
========================================================================
Received Import Request.
  Time since last request: 3.126633 seconds.
  path: Assets/mountain-race-track/scene1-night.unity
  artifactKey: Guid(19333f7b4eb3259429d8674904f1a3b5) Importer(815301076,1909f56bfc062723c751e8b465ee728b)
Start importing Assets/mountain-race-track/scene1-night.unity using Guid(19333f7b4eb3259429d8674904f1a3b5) Importer(815301076,1909f56bfc062723c751e8b465ee728b)  -> (artifact id: '4c8b461eca4e34081b76758220fbe55b') in 0.012331 seconds 
========================================================================
Received Import Request.
  Time since last request: 3.030490 seconds.
  path: Assets/mountain-race-track/Materials
  artifactKey: Guid(5536e78d6952ab941945f7ea218949c7) Importer(815301076,1909f56bfc062723c751e8b465ee728b)
Start importing Assets/mountain-race-track/Materials using Guid(5536e78d6952ab941945f7ea218949c7) Importer(815301076,1909f56bfc062723c751e8b465ee728b)  -> (artifact id: 'ca0723c672178cd70cf99c67bf469565') in 0.011129 seconds 
========================================================================
Received Import Request.
  Time since last request: 0.035320 seconds.
  path: Assets/mountain-race-track/Materials/asphalt.mat
  artifactKey: Guid(146aabcd4b08d714b9084d3db6f8a31c) Importer(815301076,1909f56bfc062723c751e8b465ee728b)
Start importing Assets/mountain-race-track/Materials/asphalt.mat using Guid(146aabcd4b08d714b9084d3db6f8a31c) Importer(815301076,1909f56bfc062723c751e8b465ee728b)  -> (artifact id: 'fad020b0f788101fc642daafc39d5bdc') in 0.028368 seconds 
========================================================================
Received Import Request.
  Time since last request: 0.000026 seconds.
  path: Assets/mountain-race-track/Materials/skybox.mat
  artifactKey: Guid(4b3be785c4b43cf4abab92255e81a5ee) Importer(815301076,1909f56bfc062723c751e8b465ee728b)
Start importing Assets/mountain-race-track/Materials/skybox.mat using Guid(4b3be785c4b43cf4abab92255e81a5ee) Importer(815301076,1909f56bfc062723c751e8b465ee728b)  -> (artifact id: '5aaa93149ee094b5c1fb7ddd8067cd91') in 0.226920 seconds 
========================================================================
Received Import Request.
  Time since last request: 0.000029 seconds.
  path: Assets/mountain-race-track/Materials/snow-road.mat
  artifactKey: Guid(780c05fd766bcb742953eb8354c0a8b1) Importer(815301076,1909f56bfc062723c751e8b465ee728b)
Start importing Assets/mountain-race-track/Materials/snow-road.mat using Guid(780c05fd766bcb742953eb8354c0a8b1) Importer(815301076,1909f56bfc062723c751e8b465ee728b)  -> (artifact id: '8adb5f1eb6286b8693f9bc8eb82039c2') in 0.033884 seconds 
========================================================================
Received Import Request.
  Time since last request: 0.000032 seconds.
  path: Assets/mountain-race-track/Materials/concrete-floor-clear.mat
  artifactKey: Guid(00720e2b9f5eb6148a9a4f96bb7b3659) Importer(815301076,1909f56bfc062723c751e8b465ee728b)
Start importing Assets/mountain-race-track/Materials/concrete-floor-clear.mat using Guid(00720e2b9f5eb6148a9a4f96bb7b3659) Importer(815301076,1909f56bfc062723c751e8b465ee728b)  -> (artifact id: '1cccbc57464cce9612dffbb9579ca6ae') in 0.070356 seconds 
========================================================================
Received Import Request.
  Time since last request: 0.000021 seconds.
  path: Assets/mountain-race-track/Materials/metal_pole_sign.mat
  artifactKey: Guid(59a4a4ee56ff99c4eb082b048e565dd3) Importer(815301076,1909f56bfc062723c751e8b465ee728b)
Start importing Assets/mountain-race-track/Materials/metal_pole_sign.mat using Guid(59a4a4ee56ff99c4eb082b048e565dd3) Importer(815301076,1909f56bfc062723c751e8b465ee728b)  -> (artifact id: '83f43a147af0c90c4476064f638ee452') in 0.032920 seconds 
========================================================================
Received Import Request.
  Time since last request: 0.000024 seconds.
  path: Assets/mountain-race-track/Materials/metal_light_pole.mat
  artifactKey: Guid(fe3a5f378cdad6940bf244af4bce1bb3) Importer(815301076,1909f56bfc062723c751e8b465ee728b)
Start importing Assets/mountain-race-track/Materials/metal_light_pole.mat using Guid(fe3a5f378cdad6940bf244af4bce1bb3) Importer(815301076,1909f56bfc062723c751e8b465ee728b)  -> (artifact id: '22e1b9a1b66ca810be1277d0c4718afe') in 0.021676 seconds 
========================================================================
Received Import Request.
  Time since last request: 0.000030 seconds.
  path: Assets/mountain-race-track/Materials/concrete-floor.mat
  artifactKey: Guid(a58f00a4ef1863846b4b1fb86a39aa6f) Importer(815301076,1909f56bfc062723c751e8b465ee728b)
Start importing Assets/mountain-race-track/Materials/concrete-floor.mat using Guid(a58f00a4ef1863846b4b1fb86a39aa6f) Importer(815301076,1909f56bfc062723c751e8b465ee728b)  -> (artifact id: '558ad0e88314ec5cab82e7cfe6a2a110') in 0.027049 seconds 
========================================================================
Received Import Request.
  Time since last request: 0.000025 seconds.
  path: Assets/mountain-race-track/Materials/mountain-wall.mat
  artifactKey: Guid(d5832670522a5d945acfac0030ce4571) Importer(815301076,1909f56bfc062723c751e8b465ee728b)
Start importing Assets/mountain-race-track/Materials/mountain-wall.mat using Guid(d5832670522a5d945acfac0030ce4571) Importer(815301076,1909f56bfc062723c751e8b465ee728b)  -> (artifact id: '16913f721cc6c183677b985fbde87377') in 0.025139 seconds 
========================================================================
Received Import Request.
  Time since last request: 0.000036 seconds.
  path: Assets/mountain-race-track/Materials/lightbulb.mat
  artifactKey: Guid(23bfcb24ad21b4449be9d8cfb256a0fa) Importer(815301076,1909f56bfc062723c751e8b465ee728b)
Start importing Assets/mountain-race-track/Materials/lightbulb.mat using Guid(23bfcb24ad21b4449be9d8cfb256a0fa) Importer(815301076,1909f56bfc062723c751e8b465ee728b)  -> (artifact id: '520d31619b0dabc8fdc07c43843c908b') in 0.049400 seconds 
========================================================================
Received Import Request.
  Time since last request: 0.000033 seconds.
  path: Assets/mountain-race-track/Materials/stripes.mat
  artifactKey: Guid(80e3f44fe61b44a409a91bdb7e3bd3cb) Importer(815301076,1909f56bfc062723c751e8b465ee728b)
Start importing Assets/mountain-race-track/Materials/stripes.mat using Guid(80e3f44fe61b44a409a91bdb7e3bd3cb) Importer(815301076,1909f56bfc062723c751e8b465ee728b)  -> (artifact id: '46c91006236a2c3f4632a9b6e72839f2') in 0.020629 seconds 
========================================================================
Received Import Request.
  Time since last request: 0.000028 seconds.
  path: Assets/mountain-race-track/Materials/spot.mat
  artifactKey: Guid(6bb0ea3482dcf8547b897b529d0d9cd7) Importer(815301076,1909f56bfc062723c751e8b465ee728b)
Start importing Assets/mountain-race-track/Materials/spot.mat using Guid(6bb0ea3482dcf8547b897b529d0d9cd7) Importer(815301076,1909f56bfc062723c751e8b465ee728b)  -> (artifact id: '3f3a66deb7dbd6fe56b12aa3350629eb') in 0.017950 seconds 
========================================================================
Received Import Request.
  Time since last request: 0.000026 seconds.
  path: Assets/mountain-race-track/Materials/snow-wall.mat
  artifactKey: Guid(a80dc89f5883ed84aaf9d93a12b1ae57) Importer(815301076,1909f56bfc062723c751e8b465ee728b)
Start importing Assets/mountain-race-track/Materials/snow-wall.mat using Guid(a80dc89f5883ed84aaf9d93a12b1ae57) Importer(815301076,1909f56bfc062723c751e8b465ee728b)  -> (artifact id: 'a9efffd2c8b3d9338ae7a49ffadac7dc') in 0.024041 seconds 
========================================================================
Received Import Request.
  Time since last request: 73.879362 seconds.
  path: Assets/mountain-race-track/Standard Assets/ParticleSystems/Textures
  artifactKey: Guid(b7795aea484b54afbb2011addaa251af) Importer(815301076,1909f56bfc062723c751e8b465ee728b)
Start importing Assets/mountain-race-track/Standard Assets/ParticleSystems/Textures using Guid(b7795aea484b54afbb2011addaa251af) Importer(815301076,1909f56bfc062723c751e8b465ee728b)  -> (artifact id: 'a99513c7ce5ba4001b192b221912dcc7') in 0.003565 seconds 
========================================================================
Received Import Request.
  Time since last request: 0.069482 seconds.
  path: Assets/mountain-race-track/Standard Assets/ParticleSystems/Textures/ParticleCloudWhite.png
  artifactKey: Guid(5b303ff28ad9368468a2edd759cf458d) Importer(815301076,1909f56bfc062723c751e8b465ee728b)
Start importing Assets/mountain-race-track/Standard Assets/ParticleSystems/Textures/ParticleCloudWhite.png using Guid(5b303ff28ad9368468a2edd759cf458d) Importer(815301076,1909f56bfc062723c751e8b465ee728b)  -> (artifact id: '9af423c3847ea3516723bf59d15bb554') in 0.080717 seconds 
========================================================================
Received Import Request.
  Time since last request: 0.000029 seconds.
  path: Assets/mountain-race-track/Standard Assets/ParticleSystems/Textures/ParticleFlare.png
  artifactKey: Guid(76b24fa8a46a2c14f9a7df1e975dc4b9) Importer(815301076,1909f56bfc062723c751e8b465ee728b)
Start importing Assets/mountain-race-track/Standard Assets/ParticleSystems/Textures/ParticleFlare.png using Guid(76b24fa8a46a2c14f9a7df1e975dc4b9) Importer(815301076,1909f56bfc062723c751e8b465ee728b)  -> (artifact id: '1a2bb7953c88855c88538b4bd2a6124e') in 0.069860 seconds 
========================================================================
Received Import Request.
  Time since last request: 88.095979 seconds.
  path: Assets/mountain-race-track/bikered.blend
  artifactKey: Guid(8d8cb189c2e008f4dafe764507171e17) Importer(815301076,1909f56bfc062723c751e8b465ee728b)
Start importing Assets/mountain-race-track/bikered.blend using Guid(8d8cb189c2e008f4dafe764507171e17) Importer(815301076,1909f56bfc062723c751e8b465ee728b)  -> (artifact id: 'f8fcbb5fcf2197de0a220cac00624c6e') in 0.630778 seconds 
========================================================================
Received Import Request.
  Time since last request: 42.795932 seconds.
  path: Assets/mountain-race-track/17099_Wheelchair_v1.obj
  artifactKey: Guid(ed8909b69b586ee4d811413e5b0e9f2a) Importer(815301076,1909f56bfc062723c751e8b465ee728b)
Start importing Assets/mountain-race-track/17099_Wheelchair_v1.obj using Guid(ed8909b69b586ee4d811413e5b0e9f2a) Importer(815301076,1909f56bfc062723c751e8b465ee728b)  -> (artifact id: '6c9e2a4d1959d876c50f736649f544fa') in 0.040195 seconds 
========================================================================
Received Prepare
Registering precompiled user dll's ...
Registered in 0.009018 seconds.
Begin MonoManager ReloadAssembly
Symbol file LoadedFromMemory doesn't match image D:\Project Unity 2023\Bicycle Triad IoT\Library\PackageCache\com.unity.visualscripting@1.8.0\Editor\VisualScripting.Core\Dependencies\YamlDotNet\Unity.VisualScripting.YamlDotNet.dll
Symbol file LoadedFromMemory doesn't match image D:\Project Unity 2023\Bicycle Triad IoT\Library\PackageCache\com.unity.visualscripting@1.8.0\Editor\VisualScripting.Core\Dependencies\DotNetZip\Unity.VisualScripting.IonicZip.dll
Native extension for WindowsStandalone target not found
Native extension for WebGL target not found
Refreshing native plugins compatible for Editor in 0.66 ms, found 3 plugins.
Preloading 0 native plugins for Editor in 0.00 ms.
Mono: successfully reloaded assembly
- Completed reload, in  1.491 seconds
Domain Reload Profiling:
	ReloadAssembly (1492ms)
		BeginReloadAssembly (247ms)
			ExecutionOrderSort (0ms)
			DisableScriptedObjects (7ms)
			BackupInstance (0ms)
			ReleaseScriptingObjects (0ms)
			CreateAndSetChildDomain (45ms)
		EndReloadAssembly (1099ms)
			LoadAssemblies (204ms)
			RebuildTransferFunctionScriptingTraits (0ms)
			SetupTypeCache (402ms)
			ReleaseScriptCaches (1ms)
			RebuildScriptCaches (61ms)
			SetupLoadedEditorAssemblies (432ms)
				LogAssemblyErrors (0ms)
				InitializePlatformSupportModulesInManaged (8ms)
				SetLoadedEditorAssemblies (1ms)
				RefreshPlugins (1ms)
				BeforeProcessingInitializeOnLoad (91ms)
				ProcessInitializeOnLoadAttributes (298ms)
				ProcessInitializeOnLoadMethodAttributes (28ms)
				AfterProcessingInitializeOnLoad (5ms)
				EditorAssembliesLoaded (0ms)
			ExecutionOrderSort2 (0ms)
			AwakeInstancesAfterBackupRestoration (10ms)
Platform modules already initialized, skipping
Refreshing native plugins compatible for Editor in 2.51 ms, found 3 plugins.
Preloading 0 native plugins for Editor in 0.00 ms.
Unloading 3045 Unused Serialized files (Serialized files now loaded: 0)
Unloading 18 unused Assets / (80.3 KB). Loaded Objects now: 3596.
Memory consumption went from 129.4 MB to 129.3 MB.
Total: 40.260200 ms (FindLiveObjects: 0.314200 ms CreateObjectMapping: 0.126600 ms MarkObjects: 39.682000 ms  DeleteObjects: 0.136000 ms)

AssetImportParameters requested are different than current active one (requested -> active):
  custom:video-decoder-ogg-theora: a1e56fd34408186e4bbccfd4996cb3dc -> 
  custom:container-muxer-webm: aa71ff27fc2769a1b78a27578f13a17b -> 
  custom:container-demuxer-webm: 4f35f7cbe854078d1ac9338744f61a02 -> 
  custom:video-encoder-webm-vp8: eb34c28f22e8b96e1ab97ce403110664 -> 
  custom:audio-encoder-webm-vorbis: bf7c407c2cedff20999df2af8eb42d56 -> 
  custom:framework-win-MediaFoundation: 216162199b28c13a410421893ffa2e32 -> 
  custom:container-demuxer-ogg: 62fdf1f143b41e24485cea50d1cbac27 -> 
  custom:video-decoder-webm-vp8: 9c59270c3fd7afecdb556c50c9e8de78 -> 
  custom:audio-decoder-ogg-vorbis: bf7c407c2cedff20999df2af8eb42d56 -> 
========================================================================
Received Prepare
Registering precompiled user dll's ...
Registered in 0.009410 seconds.
Begin MonoManager ReloadAssembly
Symbol file LoadedFromMemory doesn't match image D:\Project Unity 2023\Bicycle Triad IoT\Library\PackageCache\com.unity.visualscripting@1.8.0\Editor\VisualScripting.Core\Dependencies\YamlDotNet\Unity.VisualScripting.YamlDotNet.dll
Symbol file LoadedFromMemory doesn't match image D:\Project Unity 2023\Bicycle Triad IoT\Library\PackageCache\com.unity.visualscripting@1.8.0\Editor\VisualScripting.Core\Dependencies\DotNetZip\Unity.VisualScripting.IonicZip.dll
Native extension for WindowsStandalone target not found
Native extension for WebGL target not found
Refreshing native plugins compatible for Editor in 0.75 ms, found 3 plugins.
Preloading 0 native plugins for Editor in 0.00 ms.
Mono: successfully reloaded assembly
- Completed reload, in  1.877 seconds
Domain Reload Profiling:
	ReloadAssembly (1879ms)
		BeginReloadAssembly (264ms)
			ExecutionOrderSort (0ms)
			DisableScriptedObjects (9ms)
			BackupInstance (0ms)
			ReleaseScriptingObjects (0ms)
			CreateAndSetChildDomain (42ms)
		EndReloadAssembly (1469ms)
			LoadAssemblies (217ms)
			RebuildTransferFunctionScriptingTraits (0ms)
			SetupTypeCache (449ms)
			ReleaseScriptCaches (2ms)
			RebuildScriptCaches (107ms)
			SetupLoadedEditorAssemblies (658ms)
				LogAssemblyErrors (0ms)
				InitializePlatformSupportModulesInManaged (15ms)
				SetLoadedEditorAssemblies (1ms)
				RefreshPlugins (1ms)
				BeforeProcessingInitializeOnLoad (144ms)
				ProcessInitializeOnLoadAttributes (445ms)
				ProcessInitializeOnLoadMethodAttributes (45ms)
				AfterProcessingInitializeOnLoad (6ms)
				EditorAssembliesLoaded (0ms)
			ExecutionOrderSort2 (0ms)
			AwakeInstancesAfterBackupRestoration (14ms)
Platform modules already initialized, skipping
Refreshing native plugins compatible for Editor in 2.43 ms, found 3 plugins.
Preloading 0 native plugins for Editor in 0.00 ms.
Unloading 3045 Unused Serialized files (Serialized files now loaded: 0)
Unloading 17 unused Assets / (80.2 KB). Loaded Objects now: 3599.
Memory consumption went from 129.4 MB to 129.3 MB.
Total: 4.478200 ms (FindLiveObjects: 0.578500 ms CreateObjectMapping: 0.142700 ms MarkObjects: 3.625100 ms  DeleteObjects: 0.130100 ms)

AssetImportParameters requested are different than current active one (requested -> active):
  custom:video-decoder-ogg-theora: a1e56fd34408186e4bbccfd4996cb3dc -> 
  custom:container-muxer-webm: aa71ff27fc2769a1b78a27578f13a17b -> 
  custom:container-demuxer-webm: 4f35f7cbe854078d1ac9338744f61a02 -> 
  custom:video-encoder-webm-vp8: eb34c28f22e8b96e1ab97ce403110664 -> 
  custom:audio-encoder-webm-vorbis: bf7c407c2cedff20999df2af8eb42d56 -> 
  custom:framework-win-MediaFoundation: 216162199b28c13a410421893ffa2e32 -> 
  custom:container-demuxer-ogg: 62fdf1f143b41e24485cea50d1cbac27 -> 
  custom:video-decoder-webm-vp8: 9c59270c3fd7afecdb556c50c9e8de78 -> 
  custom:audio-decoder-ogg-vorbis: bf7c407c2cedff20999df2af8eb42d56 -> 
========================================================================
Received Prepare
Registering precompiled user dll's ...
Registered in 0.009557 seconds.
Begin MonoManager ReloadAssembly
Symbol file LoadedFromMemory doesn't match image D:\Project Unity 2023\Bicycle Triad IoT\Library\PackageCache\com.unity.visualscripting@1.8.0\Editor\VisualScripting.Core\Dependencies\YamlDotNet\Unity.VisualScripting.YamlDotNet.dll
Symbol file LoadedFromMemory doesn't match image D:\Project Unity 2023\Bicycle Triad IoT\Library\PackageCache\com.unity.visualscripting@1.8.0\Editor\VisualScripting.Core\Dependencies\DotNetZip\Unity.VisualScripting.IonicZip.dll
Native extension for WindowsStandalone target not found
Native extension for WebGL target not found
Refreshing native plugins compatible for Editor in 0.70 ms, found 3 plugins.
Preloading 0 native plugins for Editor in 0.00 ms.
Mono: successfully reloaded assembly
- Completed reload, in  1.549 seconds
Domain Reload Profiling:
	ReloadAssembly (1550ms)
		BeginReloadAssembly (269ms)
			ExecutionOrderSort (0ms)
			DisableScriptedObjects (10ms)
			BackupInstance (0ms)
			ReleaseScriptingObjects (0ms)
			CreateAndSetChildDomain (42ms)
		EndReloadAssembly (1137ms)
			LoadAssemblies (228ms)
			RebuildTransferFunctionScriptingTraits (0ms)
			SetupTypeCache (410ms)
			ReleaseScriptCaches (2ms)
			RebuildScriptCaches (60ms)
			SetupLoadedEditorAssemblies (453ms)
				LogAssemblyErrors (0ms)
				InitializePlatformSupportModulesInManaged (10ms)
				SetLoadedEditorAssemblies (1ms)
				RefreshPlugins (1ms)
				BeforeProcessingInitializeOnLoad (110ms)
				ProcessInitializeOnLoadAttributes (298ms)
				ProcessInitializeOnLoadMethodAttributes (28ms)
				AfterProcessingInitializeOnLoad (5ms)
				EditorAssembliesLoaded (0ms)
			ExecutionOrderSort2 (0ms)
			AwakeInstancesAfterBackupRestoration (9ms)
Platform modules already initialized, skipping
Refreshing native plugins compatible for Editor in 2.65 ms, found 3 plugins.
Preloading 0 native plugins for Editor in 0.00 ms.
Unloading 3045 Unused Serialized files (Serialized files now loaded: 0)
Unloading 17 unused Assets / (80.2 KB). Loaded Objects now: 3602.
Memory consumption went from 129.4 MB to 129.3 MB.
Total: 4.913900 ms (FindLiveObjects: 0.311700 ms CreateObjectMapping: 0.128400 ms MarkObjects: 4.354300 ms  DeleteObjects: 0.117800 ms)

AssetImportParameters requested are different than current active one (requested -> active):
  custom:video-decoder-ogg-theora: a1e56fd34408186e4bbccfd4996cb3dc -> 
  custom:container-muxer-webm: aa71ff27fc2769a1b78a27578f13a17b -> 
  custom:container-demuxer-webm: 4f35f7cbe854078d1ac9338744f61a02 -> 
  custom:video-encoder-webm-vp8: eb34c28f22e8b96e1ab97ce403110664 -> 
  custom:audio-encoder-webm-vorbis: bf7c407c2cedff20999df2af8eb42d56 -> 
  custom:framework-win-MediaFoundation: 216162199b28c13a410421893ffa2e32 -> 
  custom:container-demuxer-ogg: 62fdf1f143b41e24485cea50d1cbac27 -> 
  custom:video-decoder-webm-vp8: 9c59270c3fd7afecdb556c50c9e8de78 -> 
  custom:audio-decoder-ogg-vorbis: bf7c407c2cedff20999df2af8eb42d56 -> 
